17:41:48.722 | V |                      | ArgumentsFromParametersFile.OnBuildCreated (150)
17:41:48.755 | V |                      | Passing value for <unresolved> (gMonetize.Integration.GamePlugins.OxideMod.sln)
17:41:48.762 | V |                      | HandleReSharperSurrogateArguments.OnBuildCreated (150)
17:41:48.763 | V |                      | InjectParameterValues.OnBuildCreated (100)
17:41:48.770 | V |                      | HandleShellCompletion.OnBuildCreated (75)
17:41:48.890 | V |                      | GenerateBuildServerConfigurations.OnBuildCreated (50)
17:41:48.891 | V |                      | InvokeBuildServerConfigurationGeneration.OnBuildCreated (45)
17:41:48.919 | V |                      | UpdateNotification.OnBuildCreated (10)
17:41:48.919 | V |                      | UnsetVisualStudioEnvironmentVariables.OnBuildCreated (0)
17:41:48.919 | V |                      | HandleVisualStudioDebugging.OnBuildCreated (0)
17:41:48.920 | V |                      | EventInvoker.OnBuildCreated (-3.4028235E+38)
17:41:48.936 | V |                      | HandlePlanRequests.OnBuildInitialized (10)
17:41:48.936 | V |                      | HandleHelpRequests.OnBuildInitialized (5)
17:41:48.936 | V |                      | Telemetry.OnBuildInitialized (0)
17:41:49.834 | V |                      | Sending BuildStarted telemetry event ...
17:41:49.836 | V |                      |   build_components         = 
17:41:49.837 | V |                      |   build_type               = Project
17:41:49.837 | V |                      |   compile_time             = 4
17:41:49.837 | V |                      |   config_generators        = 
17:41:49.837 | V |                      |   host                     = Terminal
17:41:49.837 | V |                      |   num_custom_components    = 0
17:41:49.837 | V |                      |   num_custom_extensions    = 0
17:41:49.837 | V |                      |   num_partitioned_targets  = 0
17:41:49.837 | V |                      |   num_secrets              = 0
17:41:49.837 | V |                      |   num_targets              = 5
17:41:49.837 | V |                      |   os_architecture          = X64
17:41:49.837 | V |                      |   os_platform              = Windows
17:41:49.837 | V |                      |   repo_branch              = develop
17:41:49.837 | V |                      |   repo_commit              = 11d201
17:41:49.837 | V |                      |   repo_provider            = <null>
17:41:49.837 | V |                      |   repo_url                 = 64c651
17:41:49.837 | V |                      |   target_framework         = .NETCoreApp,Version=v6.0
17:41:49.837 | V |                      |   version_dotnet_sdk       = 7.0.306
17:41:49.837 | V |                      |   version_nuke_common      = 7.0.6
17:41:49.837 | V |                      |   version_nuke_global_tool = 7.0.6
17:41:50.124 | V |                      | InjectNonParameterValues.OnBuildInitialized (-100)
17:41:50.124 | V |                      | EventInvoker.OnBuildInitialized (-3.4028235E+38)
17:41:50.135 | V | UpdateOxideLibs      | EventInvoker.OnTargetRunning (-3.4028235E+38)
17:41:50.135 | V | UpdateOxideLibs      | Telemetry.OnTargetSucceeded (0)
17:41:50.135 | V | UpdateOxideLibs      | EventInvoker.OnTargetSucceeded (-3.4028235E+38)
17:41:50.137 | V | UpdateDepotDownloade | EventInvoker.OnTargetRunning (-3.4028235E+38)
17:41:51.771 | V | UpdateDepotDownloade | Telemetry.OnTargetSucceeded (0)
17:41:51.771 | V | UpdateDepotDownloade | EventInvoker.OnTargetSucceeded (-3.4028235E+38)
17:41:51.773 | V | UpdateOriginalLibs   | EventInvoker.OnTargetRunning (-3.4028235E+38)
17:41:51.773 | V | UpdateOriginalLibs   | Telemetry.OnTargetSucceeded (0)
17:41:51.773 | V | UpdateOriginalLibs   | EventInvoker.OnTargetSucceeded (-3.4028235E+38)
17:41:51.780 | V |                      | UpdateNotification.OnBuildFinished (10)
17:41:51.780 | V |                      | SerializeBuildServerState.OnBuildFinished (0)
17:41:51.780 | V |                      | EventInvoker.OnBuildFinished (-3.4028235E+38)
